<?xml version="1.0" encoding="UTF-8"?>
<testsuite xmlns:xsi="http://www.w3.org/2001/XMLSchema-instance" xsi:noNamespaceSchemaLocation="https://maven.apache.org/surefire/maven-surefire-plugin/xsd/surefire-test-report.xsd" name="com.myfinance.app.service.CashRegisterServiceTest" time="0.199" tests="2" errors="0" skipped="0" failures="1">
  <properties>
[...]
</properties>
  <testcase name="testCloseCashRegister" classname="com.myfinance.app.service.CashRegisterServiceTest" time="0.12">
    <failure message="expected: &lt;true&gt; but was: &lt;false&gt;" type="org.opentest4j.AssertionFailedError"><![CDATA[org.opentest4j.AssertionFailedError: expected: <true> but was: <false>
	at com.myfinance.app.service.CashRegisterServiceTest.testCloseCashRegister(CashRegisterServiceTest.java:60)
]]></failure>
    <system-out><![CDATA[2025-05-07 17:13:57.357  INFO 7192 --- [           main] .b.t.c.SpringBootTestContextBootstrapper : Neither @ContextConfiguration nor @ContextHierarchy found for test class [com.myfinance.app.service.CashRegisterServiceTest], using SpringBootContextLoader
2025-05-07 17:13:57.357  INFO 7192 --- [           main] o.s.t.c.support.AbstractContextLoader    : Could not detect default resource locations for test class [com.myfinance.app.service.CashRegisterServiceTest]: no resource found for suffixes {-context.xml, Context.groovy}.
2025-05-07 17:13:57.357  INFO 7192 --- [           main] t.c.s.AnnotationConfigContextLoaderUtils : Could not detect default configuration classes for test class [com.myfinance.app.service.CashRegisterServiceTest]: CashRegisterServiceTest does not declare any static, non-private, non-final, nested classes annotated with @Configuration.
2025-05-07 17:13:57.358  INFO 7192 --- [           main] .b.t.c.SpringBootTestContextBootstrapper : Found @SpringBootConfiguration com.myfinance.app.App for test class com.myfinance.app.service.CashRegisterServiceTest
2025-05-07 17:13:57.359  INFO 7192 --- [           main] .b.t.c.SpringBootTestContextBootstrapper : Loaded default TestExecutionListener class names from location [META-INF/spring.factories]: [org.springframework.boot.test.mock.mockito.MockitoTestExecutionListener, org.springframework.boot.test.mock.mockito.ResetMocksTestExecutionListener, org.springframework.boot.test.autoconfigure.restdocs.RestDocsTestExecutionListener, org.springframework.boot.test.autoconfigure.web.client.MockRestServiceServerResetTestExecutionListener, org.springframework.boot.test.autoconfigure.web.servlet.MockMvcPrintOnlyOnFailureTestExecutionListener, org.springframework.boot.test.autoconfigure.web.servlet.WebDriverTestExecutionListener, org.springframework.boot.test.autoconfigure.webservices.client.MockWebServiceServerTestExecutionListener, org.springframework.test.context.web.ServletTestExecutionListener, org.springframework.test.context.support.DirtiesContextBeforeModesTestExecutionListener, org.springframework.test.context.event.ApplicationEventsTestExecutionListener, org.springframework.test.context.support.DependencyInjectionTestExecutionListener, org.springframework.test.context.support.DirtiesContextTestExecutionListener, org.springframework.test.context.transaction.TransactionalTestExecutionListener, org.springframework.test.context.jdbc.SqlScriptsTestExecutionListener, org.springframework.test.context.event.EventPublishingTestExecutionListener]
2025-05-07 17:13:57.359  INFO 7192 --- [           main] .b.t.c.SpringBootTestContextBootstrapper : Using TestExecutionListeners: [org.springframework.test.context.web.ServletTestExecutionListener@3958db82, org.springframework.test.context.support.DirtiesContextBeforeModesTestExecutionListener@577f81a0, org.springframework.test.context.event.ApplicationEventsTestExecutionListener@202d1424, org.springframework.boot.test.mock.mockito.MockitoTestExecutionListener@1256925b, org.springframework.boot.test.autoconfigure.SpringBootDependencyInjectionTestExecutionListener@6dadcf58, org.springframework.test.context.support.DirtiesContextTestExecutionListener@467421cc, org.springframework.test.context.transaction.TransactionalTestExecutionListener@eb09112, org.springframework.test.context.jdbc.SqlScriptsTestExecutionListener@28521ed5, org.springframework.test.context.event.EventPublishingTestExecutionListener@2b06c388, org.springframework.boot.test.mock.mockito.ResetMocksTestExecutionListener@4c9bed65, org.springframework.boot.test.autoconfigure.restdocs.RestDocsTestExecutionListener@4629dde5, org.springframework.boot.test.autoconfigure.web.client.MockRestServiceServerResetTestExecutionListener@7e35d743, org.springframework.boot.test.autoconfigure.web.servlet.MockMvcPrintOnlyOnFailureTestExecutionListener@63b2418e, org.springframework.boot.test.autoconfigure.web.servlet.WebDriverTestExecutionListener@70d16858, org.springframework.boot.test.autoconfigure.webservices.client.MockWebServiceServerTestExecutionListener@789f5552]
]]></system-out>
  </testcase>
  <testcase name="testOpenCashRegister" classname="com.myfinance.app.service.CashRegisterServiceTest" time="0.079"/>
</testsuite>